# JRE version: OpenJDK Runtime Environment (8.0_302-b08) (build 1.8.0_302-b08)
# Java VM: OpenJDK 64-Bit Server VM (25.302-b08 mixed mode windows-amd64 compressed oops)
Heap:
 PSYoungGen      total 80896K, used 38026K [0x00000000e0000000, 0x00000000e7f80000, 0x0000000100000000)
  eden space 72192K, 44% used [0x00000000e0000000,0x00000000e1f67c98,0x00000000e4680000)
  from space 8704K, 67% used [0x00000000e4680000,0x00000000e4c3ac98,0x00000000e4f00000)
  to   space 8704K, 0% used [0x00000000e7700000,0x00000000e7700000,0x00000000e7f80000)
 ParOldGen       total 36864K, used 10451K [0x00000000a0000000, 0x00000000a2400000, 0x00000000e0000000)
  object space 36864K, 28% used [0x00000000a0000000,0x00000000a0a34ce8,0x00000000a2400000)
 Metaspace       used 33215K, capacity 33846K, committed 34176K, reserved 1079296K
  class space    used 4664K, capacity 4872K, committed 4992K, reserved 1048576K
GC Heap History (10 events):
Event: 19.919 GC heap before
{Heap before GC invocations=8 (full 0):
 PSYoungGen      total 31744K, used 28596K [0x00000000e0000000, 0x00000000e3d00000, 0x0000000100000000)
  eden space 23040K, 100% used [0x00000000e0000000,0x00000000e1680000,0x00000000e1680000)
  from space 8704K, 63% used [0x00000000e1680000,0x00000000e1bed3e8,0x00000000e1f00000)
  to   space 8192K, 0% used [0x00000000e3500000,0x00000000e3500000,0x00000000e3d00000)
 ParOldGen       total 65536K, used 6381K [0x00000000a0000000, 0x00000000a4000000, 0x00000000e0000000)
  object space 65536K, 9% used [0x00000000a0000000,0x00000000a063b608,0x00000000a4000000)
 Metaspace       used 20172K, capacity 20712K, committed 20864K, reserved 1067008K
  class space    used 2988K, capacity 3194K, committed 3200K, reserved 1048576K
Event: 19.925 GC heap after
Heap after GC invocations=8 (full 0):
 PSYoungGen      total 54272K, used 5012K [0x00000000e0000000, 0x00000000e3d00000, 0x0000000100000000)
  eden space 46080K, 0% used [0x00000000e0000000,0x00000000e0000000,0x00000000e2d00000)
  from space 8192K, 61% used [0x00000000e3500000,0x00000000e39e53a8,0x00000000e3d00000)
  to   space 8192K, 0% used [0x00000000e2d00000,0x00000000e2d00000,0x00000000e3500000)
 ParOldGen       total 65536K, used 8018K [0x00000000a0000000, 0x00000000a4000000, 0x00000000e0000000)
  object space 65536K, 12% used [0x00000000a0000000,0x00000000a07d4a00,0x00000000a4000000)
 Metaspace       used 20172K, capacity 20712K, committed 20864K, reserved 1067008K
  class space    used 2988K, capacity 3194K, committed 3200K, reserved 1048576K
}
Event: 19.965 GC heap before
{Heap before GC invocations=9 (full 0):
 PSYoungGen      total 54272K, used 7306K [0x00000000e0000000, 0x00000000e3d00000, 0x0000000100000000)
  eden space 46080K, 4% used [0x00000000e0000000,0x00000000e023d6f0,0x00000000e2d00000)
  from space 8192K, 61% used [0x00000000e3500000,0x00000000e39e53a8,0x00000000e3d00000)
  to   space 8192K, 0% used [0x00000000e2d00000,0x00000000e2d00000,0x00000000e3500000)
 ParOldGen       total 65536K, used 8018K [0x00000000a0000000, 0x00000000a4000000, 0x00000000e0000000)
  object space 65536K, 12% used [0x00000000a0000000,0x00000000a07d4a00,0x00000000a4000000)
 Metaspace       used 20526K, capacity 21000K, committed 21248K, reserved 1067008K
  class space    used 3032K, capacity 3226K, committed 3328K, reserved 1048576K
Event: 19.969 GC heap after
Heap after GC invocations=9 (full 0):
 PSYoungGen      total 54272K, used 2003K [0x00000000e0000000, 0x00000000e5800000, 0x0000000100000000)
  eden space 46080K, 0% used [0x00000000e0000000,0x00000000e0000000,0x00000000e2d00000)
  from space 8192K, 24% used [0x00000000e2d00000,0x00000000e2ef4eb8,0x00000000e3500000)
  to   space 8192K, 0% used [0x00000000e5000000,0x00000000e5000000,0x00000000e5800000)
 ParOldGen       total 65536K, used 9556K [0x00000000a0000000, 0x00000000a4000000, 0x00000000e0000000)
  object space 65536K, 14% used [0x00000000a0000000,0x00000000a0955298,0x00000000a4000000)
 Metaspace       used 20526K, capacity 21000K, committed 21248K, reserved 1067008K
  class space    used 3032K, capacity 3226K, committed 3328K, reserved 1048576K
}
Event: 19.969 GC heap before
{Heap before GC invocations=10 (full 1):
 PSYoungGen      total 54272K, used 2003K [0x00000000e0000000, 0x00000000e5800000, 0x0000000100000000)
  eden space 46080K, 0% used [0x00000000e0000000,0x00000000e0000000,0x00000000e2d00000)
  from space 8192K, 24% used [0x00000000e2d00000,0x00000000e2ef4eb8,0x00000000e3500000)
  to   space 8192K, 0% used [0x00000000e5000000,0x00000000e5000000,0x00000000e5800000)
 ParOldGen       total 65536K, used 9556K [0x00000000a0000000, 0x00000000a4000000, 0x00000000e0000000)
  object space 65536K, 14% used [0x00000000a0000000,0x00000000a0955298,0x00000000a4000000)
 Metaspace       used 20526K, capacity 21000K, committed 21248K, reserved 1067008K
  class space    used 3032K, capacity 3226K, committed 3328K, reserved 1048576K
Event: 20.005 GC heap after
Heap after GC invocations=10 (full 1):
 PSYoungGen      total 54272K, used 0K [0x00000000e0000000, 0x00000000e5800000, 0x0000000100000000)
  eden space 46080K, 0% used [0x00000000e0000000,0x00000000e0000000,0x00000000e2d00000)
  from space 8192K, 0% used [0x00000000e2d00000,0x00000000e2d00000,0x00000000e3500000)
  to   space 8192K, 0% used [0x00000000e5000000,0x00000000e5000000,0x00000000e5800000)
 ParOldGen       total 36864K, used 7303K [0x00000000a0000000, 0x00000000a2400000, 0x00000000e0000000)
  object space 36864K, 19% used [0x00000000a0000000,0x00000000a0721cb8,0x00000000a2400000)
 Metaspace       used 20526K, capacity 21000K, committed 21248K, reserved 1067008K
  class space    used 3032K, capacity 3226K, committed 3328K, reserved 1048576K
}
Event: 20.948 GC heap before
{Heap before GC invocations=11 (full 1):
 PSYoungGen      total 54272K, used 46080K [0x00000000e0000000, 0x00000000e5800000, 0x0000000100000000)
  eden space 46080K, 100% used [0x00000000e0000000,0x00000000e2d00000,0x00000000e2d00000)
  from space 8192K, 0% used [0x00000000e2d00000,0x00000000e2d00000,0x00000000e3500000)
  to   space 8192K, 0% used [0x00000000e5000000,0x00000000e5000000,0x00000000e5800000)
 ParOldGen       total 36864K, used 7303K [0x00000000a0000000, 0x00000000a2400000, 0x00000000e0000000)
  object space 36864K, 19% used [0x00000000a0000000,0x00000000a0721cb8,0x00000000a2400000)
 Metaspace       used 27274K, capacity 27782K, committed 28032K, reserved 1073152K
  class space    used 3790K, capacity 3968K, committed 3968K, reserved 1048576K
Event: 20.958 GC heap after
Heap after GC invocations=11 (full 1):
 PSYoungGen      total 79872K, used 6620K [0x00000000e0000000, 0x00000000e5780000, 0x0000000100000000)
  eden space 72192K, 0% used [0x00000000e0000000,0x00000000e0000000,0x00000000e4680000)
  from space 7680K, 86% used [0x00000000e5000000,0x00000000e56772f8,0x00000000e5780000)
  to   space 8704K, 0% used [0x00000000e4680000,0x00000000e4680000,0x00000000e4f00000)
 ParOldGen       total 36864K, used 7311K [0x00000000a0000000, 0x00000000a2400000, 0x00000000e0000000)
  object space 36864K, 19% used [0x00000000a0000000,0x00000000a0723cb8,0x00000000a2400000)
 Metaspace       used 27274K, capacity 27782K, committed 28032K, reserved 1073152K
  class space    used 3790K, capacity 3968K, committed 3968K, reserved 1048576K
}
Event: 22.048 GC heap before
{Heap before GC invocations=12 (full 1):
 PSYoungGen      total 79872K, used 78812K [0x00000000e0000000, 0x00000000e5780000, 0x0000000100000000)
  eden space 72192K, 100% used [0x00000000e0000000,0x00000000e4680000,0x00000000e4680000)
  from space 7680K, 86% used [0x00000000e5000000,0x00000000e56772f8,0x00000000e5780000)
  to   space 8704K, 0% used [0x00000000e4680000,0x00000000e4680000,0x00000000e4f00000)
 ParOldGen       total 36864K, used 7311K [0x00000000a0000000, 0x00000000a2400000, 0x00000000e0000000)
  object space 36864K, 19% used [0x00000000a0000000,0x00000000a0723cb8,0x00000000a2400000)
 Metaspace       used 31604K, capacity 32098K, committed 32256K, reserved 1077248K
  class space    used 4420K, capacity 4592K, committed 4608K, reserved 1048576K
Event: 22.062 GC heap after
Heap after GC invocations=12 (full 1):
 PSYoungGen      total 80896K, used 5867K [0x00000000e0000000, 0x00000000e7f80000, 0x0000000100000000)
  eden space 72192K, 0% used [0x00000000e0000000,0x00000000e0000000,0x00000000e4680000)
  from space 8704K, 67% used [0x00000000e4680000,0x00000000e4c3ac98,0x00000000e4f00000)
  to   space 8704K, 0% used [0x00000000e7700000,0x00000000e7700000,0x00000000e7f80000)
 ParOldGen       total 36864K, used 10451K [0x00000000a0000000, 0x00000000a2400000, 0x00000000e0000000)
  object space 36864K, 28% used [0x00000000a0000000,0x00000000a0a34ce8,0x00000000a2400000)
 Metaspace       used 31604K, capacity 32098K, committed 32256K, reserved 1077248K
  class space    used 4420K, capacity 4592K, committed 4608K, reserved 1048576K
}

